2026-03-16 12:52:27 - Octaily API Sunucusu Başladı!
2026-03-16 12:52:27 - 9000 portundan dinleniyor.
2026-03-16 12:52:27 - Test için tarayıcıda şunu açın:
2026-03-16 12:52:27 - http://localhost:9000/api/game/wordle_tr
2026-03-16 12:52:27 - =============================================
2026-03-16 12:52:27 - YENİ GÜN BAŞLADI: Tüm Bulmacalar Yenilendi.
2026-03-16 12:52:27 - Wordle TR Cevabı: KETEN
2026-03-16 12:52:27 - Wordle EN Cevabı: PEONS
2026-03-16 12:52:27 - Sudoku Cevabı: 
5 1 4 | 2 9 3 | 7 8 6 
2 3 6 | 5 8 7 | 1 4 9 
9 7 8 | 1 4 6 | 3 2 5 
-----------------------
8 5 7 | 9 3 1 | 2 6 4 
1 4 9 | 6 5 2 | 8 3 7 
3 6 2 | 8 7 4 | 9 5 1 
-----------------------
7 8 5 | 4 2 9 | 6 1 3 
6 2 3 | 7 1 5 | 4 9 8 
4 9 1 | 3 6 8 | 5 7 2 

2026-03-16 12:52:27 - Queens Cevabı: (0,1), (1,7), (2,0), (3,2), (4,5), (5,3), (6,6), (7,4)
2026-03-16 12:52:27 - Nerdle Cevabı: 576/96=6
2026-03-16 12:52:27 - Zip Cevabı: (4,6) -> (4,7) -> (3,7) -> (2,7) -> (1,7) -> (0,7) -> (0,6) -> (0,5) -> (0,4) -> (0,3) -> (0,2) -> (0,1) -> (0,0) -> (1,0) -> (2,0) -> (3,0) -> (4,0) -> (5,0) -> (6,0) -> (7,0) -> (7,1) -> (6,1) -> (5,1) -> (4,1) -> (3,1) -> (2,1) -> (1,1) -> (1,2) -> (2,2) -> (3,2) -> (4,2) -> (5,2) -> (6,2) -> (7,2) -> (7,3) -> (7,4) -> (7,5) -> (7,6) -> (7,7) -> (6,7) -> (5,7) -> (5,6) -> (6,6) -> (6,5) -> (6,4) -> (6,3) -> (5,3) -> (5,4) -> (5,5) -> (4,5) -> (4,4) -> (4,3) -> (3,3) -> (2,3) -> (1,3) -> (1,4) -> (1,5) -> (1,6) -> (2,6) -> (3,6) -> (3,5) -> (3,4) -> (2,4) -> (2,5)
2026-03-16 12:52:27 - Hexle Cevabı: 70C50B
2026-03-16 12:52:27 - Worldle Cevabı: ERMENISTAN
2026-03-16 12:52:27 - =============================================
2026-03-16 13:01:05 - Octaily API Sunucusu Başladı! #######
2026-03-16 13:01:05 - 9000 portundan dinleniyor.
2026-03-16 13:01:05 - Test için tarayıcıda şunu açın:
2026-03-16 13:01:05 - http://localhost:9000/api/game/wordle_tr
2026-03-16 13:01:05 - =============================================
2026-03-16 13:01:05 - YENİ GÜN BAŞLADI: Tüm Bulmacalar Yenilendi.
2026-03-16 13:01:05 - Wordle TR Cevabı: DUMUR
2026-03-16 13:01:05 - Wordle EN Cevabı: TOPOI
2026-03-16 13:01:05 - Sudoku Cevabı: 
8 6 5 | 9 1 2 | 7 4 3 
1 7 2 | 3 6 4 | 5 8 9 
3 9 4 | 5 8 7 | 1 2 6 
-----------------------
4 5 7 | 8 9 3 | 6 1 2 
9 3 8 | 6 2 1 | 4 7 5 
2 1 6 | 4 7 5 | 9 3 8 
-----------------------
6 2 3 | 7 4 9 | 8 5 1 
7 8 1 | 2 5 6 | 3 9 4 
5 4 9 | 1 3 8 | 2 6 7 

2026-03-16 13:01:05 - Queens Cevabı: (0,4), (1,7), (2,2), (3,6), (4,1), (5,5), (6,3), (7,0)
2026-03-16 13:01:05 - Nerdle Cevabı: 92-47=45
2026-03-16 13:01:05 - Zip Cevabı: (4,5) -> (3,5) -> (3,6) -> (4,6) -> (4,7) -> (3,7) -> (2,7) -> (2,6) -> (2,5) -> (1,5) -> (1,6) -> (1,7) -> (0,7) -> (0,6) -> (0,5) -> (0,4) -> (0,3) -> (0,2) -> (0,1) -> (0,0) -> (1,0) -> (1,1) -> (1,2) -> (1,3) -> (1,4) -> (2,4) -> (3,4) -> (4,4) -> (4,3) -> (3,3) -> (2,3) -> (2,2) -> (2,1) -> (2,0) -> (3,0) -> (4,0) -> (5,0) -> (6,0) -> (7,0) -> (7,1) -> (6,1) -> (5,1) -> (4,1) -> (3,1) -> (3,2) -> (4,2) -> (5,2) -> (5,3) -> (5,4) -> (5,5) -> (5,6) -> (5,7) -> (6,7) -> (7,7) -> (7,6) -> (6,6) -> (6,5) -> (7,5) -> (7,4) -> (6,4) -> (6,3) -> (7,3) -> (7,2) -> (6,2)
2026-03-16 13:01:05 - Hexle Cevabı: DDF8BF
2026-03-16 13:01:05 - Worldle Cevabı: TUNUS
2026-03-16 13:01:05 - =============================================
2026-03-16 13:09:44 - Octaily API Sunucusu Başladı! #######
2026-03-16 13:09:44 - 9000 portundan dinleniyor.
2026-03-16 13:09:44 - Test için tarayıcıda şunu açın:
2026-03-16 13:09:44 - http://localhost:9000/api/game/wordle_tr
2026-03-16 13:09:44 - =============================================
2026-03-16 13:09:44 - YENİ GÜN BAŞLADI: Tüm Bulmacalar Yenilendi.
2026-03-16 13:09:44 - Wordle TR Cevabı: FITIK
2026-03-16 13:09:44 - Wordle EN Cevabı: FOLIA
2026-03-16 13:09:44 - Sudoku Cevabı: 
1 6 8 | 4 7 5 | 3 9 2 
7 9 4 | 2 1 3 | 5 6 8 
2 3 5 | 8 6 9 | 4 7 1 
-----------------------
8 5 6 | 9 4 2 | 1 3 7 
3 7 2 | 1 5 8 | 6 4 9 
9 4 1 | 6 3 7 | 2 8 5 
-----------------------
6 2 9 | 3 8 1 | 7 5 4 
5 8 3 | 7 2 4 | 9 1 6 
4 1 7 | 5 9 6 | 8 2 3 

2026-03-16 13:09:44 - Queens Cevabı: (0,5), (1,1), (2,6), (3,2), (4,0), (5,3), (6,7), (7,4)
2026-03-16 13:09:44 - Nerdle Cevabı: 96-72=24
2026-03-16 13:09:44 - Zip Cevabı: (7,1) -> (7,0) -> (6,0) -> (5,0) -> (4,0) -> (3,0) -> (2,0) -> (1,0) -> (0,0) -> (0,1) -> (1,1) -> (2,1) -> (3,1) -> (4,1) -> (5,1) -> (6,1) -> (6,2) -> (7,2) -> (7,3) -> (7,4) -> (7,5) -> (7,6) -> (7,7) -> (6,7) -> (5,7) -> (4,7) -> (3,7) -> (2,7) -> (1,7) -> (0,7) -> (0,6) -> (0,5) -> (0,4) -> (0,3) -> (0,2) -> (1,2) -> (1,3) -> (1,4) -> (1,5) -> (1,6) -> (2,6) -> (2,5) -> (2,4) -> (2,3) -> (2,2) -> (3,2) -> (3,3) -> (3,4) -> (3,5) -> (3,6) -> (4,6) -> (5,6) -> (6,6) -> (6,5) -> (6,4) -> (6,3) -> (5,3) -> (5,2) -> (4,2) -> (4,3) -> (4,4) -> (5,4) -> (5,5) -> (4,5)
2026-03-16 13:09:44 - Hexle Cevabı: 6A6458
2026-03-16 13:09:44 - Worldle Cevabı: LETONYA
2026-03-16 13:09:44 - =============================================
